INFO; 2017-12-04 00:01:56,358; Started
DEBUG; 2017-12-04 00:01:56,365; Diff
DEBUG; 2017-12-04 00:01:56,377; Diff file:Comp_test\TA3_0.0001.csv
DEBUG; 2017-12-04 00:01:56,380; Dir. Comp_test\gra created
DEBUG; 2017-12-04 00:01:56,482; File Comp_test\gra\Cour_H Beam1X-East.png created
INFO; 2017-12-04 00:01:56,625; Finished
INFO; 2017-12-04 00:01:56,630; Started
DEBUG; 2017-12-04 00:01:56,634; Diff
DEBUG; 2017-12-04 00:01:56,647; Diff file:Comp_test\TA3_0.0001.csv
DEBUG; 2017-12-04 00:01:56,727; File Comp_test\gra\Cour_H Beam1X-East.png created
INFO; 2017-12-04 00:01:56,868; Finished
DEBUG; 2017-12-04 00:01:56,874; Diff
DEBUG; 2017-12-04 00:01:56,897; Diff
DEBUG; 2017-12-04 00:01:56,913; Diff
DEBUG; 2017-12-04 00:01:56,927; Liste of file to compare:
DEBUG; 2017-12-04 00:01:56,927;    -TA3.csv
DEBUG; 2017-12-04 00:01:56,933; Diff file:..\cas\TestNonReg\Dat\TA3.csv and ..\cas\TestNonReg\Dat_ref\TA3.csv
DEBUG; 2017-12-04 00:01:56,937; Diff
DEBUG; 2017-12-04 00:01:56,956; Diff file:..\cas\TestNonReg\Comp\TA3_0.0001.csv
DEBUG; 2017-12-04 00:01:57,046; File ..\cas\TestNonReg\Comp\gra\Cour_H Beam1X-East.png created
DEBUG; 2017-12-04 00:01:57,191; Diff
DEBUG; 2017-12-04 00:01:57,286; File ..\cas\TestPlotCsv\gra\Cour_H Beam1X-East.png created
